2025-12-28T06:48:05.5162669Z,Updating submodules.,31781267-8450-4e17-b1d6-85897833193c,0
2025-12-28T06:48:06.6640591Z,Preparing deployment for commit id '81dd763d-7'.,9a43bb81-000a-47a1-b889-2e2ec0050fc6,0
2025-12-28T06:48:07.0621459Z,PreDeployment: context.CleanOutputPath False,c2081ad7-9f2f-42a7-bb95-11d7e1ca8c22,0
2025-12-28T06:48:07.2708207Z,PreDeployment: context.OutputPath /home/site/wwwroot,e2630f24-8e83-4a62-ba7a-dd130f6a078a,0
2025-12-28T06:48:08.2229739Z,Repository path is /tmp/zipdeploy/extracted,93e4ef51-66f8-4dfc-96c6-d5fb7a18fcec,0
2025-12-28T06:48:08.3422950Z,Running oryx build...,2c873145-24e2-43f6-bcb6-2292d8fe5318,0
	2025-12-28T06:48:08.3511180Z,Command: oryx build /tmp/zipdeploy/extracted -o /home/site/wwwroot --platform nodejs --platform-version 20 -p virtualenv_name= --log-file /tmp/build-debug.log  -i /tmp/8de45dd0e9da52f -p compress_node_modules=tar-gz | tee /tmp/oryx-build.log,,0
	2025-12-28T06:48:10.5425576Z,Operation performed by Microsoft Oryx&comma; https://github.com/Microsoft/Oryx,,0
	2025-12-28T06:48:10.5820558Z,You can report issues at https://github.com/Microsoft/Oryx/issues,,0
	2025-12-28T06:48:10.6213532Z,,,0
	2025-12-28T06:48:10.6502060Z,Oryx Version: 0.2.20251022.1+bef98bc7139feefaa74be16de9d835e2c85385d4&comma; Commit: bef98bc7139feefaa74be16de9d835e2c85385d4&comma; ReleaseTagName: 20251022.1,,0
	2025-12-28T06:48:10.6809248Z,,,0
	2025-12-28T06:48:10.7064212Z,Build Operation ID: 8424c8afd0eff73d,,0
	2025-12-28T06:48:10.7528069Z,Repository Commit : 81dd763d-760b-4c81-a659-242b2809a02f,,0
	2025-12-28T06:48:10.7801403Z,OS Type           : bookworm,,0
	2025-12-28T06:48:10.8183201Z,Image Type        : githubactions,,0
	2025-12-28T06:48:10.8977425Z,,,0
	2025-12-28T06:48:10.9706934Z,Primary SDK Storage URL: https://oryx-cdn.microsoft.io,,0
	2025-12-28T06:48:11.0160345Z,Backup SDK Storage URL: ,,0
	2025-12-28T06:48:11.0443135Z,Detecting platforms...,,0
	2025-12-28T06:48:11.0895012Z,External SDK provider is enabled.,,0
	2025-12-28T06:48:11.4444559Z,Requesting metadata for platform nodejs from external SDK provider,,0
	2025-12-28T06:48:13.1009919Z,Requesting metadata for platform nodejs from external SDK provider,,0
	2025-12-28T06:48:17.4208742Z,Detected following platforms:,,0
	2025-12-28T06:48:17.5171825Z,  nodejs: 20.19.5,,0
	2025-12-28T06:48:18.3115421Z,Detected the following frameworks: Typescript&comma;Next.js,,0
	2025-12-28T06:48:18.7952442Z,,,0
	2025-12-28T06:48:18.9201300Z,Using intermediate directory '/tmp/8de45dd0e9da52f'.,,0
	2025-12-28T06:48:18.9498377Z,,,0
	2025-12-28T06:48:19.0085709Z,Copying files to the intermediate directory...,,0
	2025-12-28T06:48:19.1034290Z,Done in 1 sec(s).,,0
	2025-12-28T06:48:19.1522715Z,,,0
	2025-12-28T06:48:19.2190573Z,Source directory     : /tmp/8de45dd0e9da52f,,0
	2025-12-28T06:48:19.2491771Z,Destination directory: /home/site/wwwroot,,0
	2025-12-28T06:48:19.2952414Z,,,0
	2025-12-28T06:48:19.5684465Z,Removing existing manifest file,,0
	2025-12-28T06:48:19.6045573Z,Creating directory for command manifest file if it does not exist,,0
	2025-12-28T06:48:19.6525973Z,Creating a manifest file...,,0
	2025-12-28T06:48:19.7169582Z,Node Build Command Manifest file created.,,0
	2025-12-28T06:48:19.7478183Z,,,0
	2025-12-28T06:48:19.7762842Z,Found npm version spec to follow in package.json: '10.x',,0
	2025-12-28T06:48:19.8230500Z,Updating version of npm installed to meet the above version spec.,,0
	2025-12-28T06:48:42.8943890Z,,,0
	2025-12-28T06:48:42.9396457Z,changed 16 packages in 22s,,0
	2025-12-28T06:48:42.9600951Z,,,0
	2025-12-28T06:48:42.9961011Z,25 packages are looking for funding,,0
	2025-12-28T06:48:43.0224311Z,  run `npm fund` for details,,0
	2025-12-28T06:48:43.0619324Z,,,0
	2025-12-28T06:48:43.0997286Z,,,0
	2025-12-28T06:48:43.1362864Z,Using Node version:,,0
	2025-12-28T06:48:43.2772783Z,v20.19.5,,0
	2025-12-28T06:48:43.3119671Z,,,0
	2025-12-28T06:48:43.3608813Z,Using Npm version:,,0
	2025-12-28T06:48:44.3394093Z,10.9.4,,0
	2025-12-28T06:48:44.4253623Z,,,0
	2025-12-28T06:48:44.4785982Z,Running 'npm install'...,,0
	2025-12-28T06:48:44.5074933Z,,,0
	2025-12-28T06:51:15.1953928Z,npm warn deprecated next@14.2.0: This version has a security vulnerability. Please upgrade to a patched version. See https://nextjs.org/blog/security-update-2025-12-11 for more details.,,1
	2025-12-28T06:51:16.9536442Z,,,0
	2025-12-28T06:51:17.0292718Z,added 133 packages&comma; and audited 134 packages in 3m,,0
	2025-12-28T06:51:17.0748991Z,,,0
	2025-12-28T06:51:17.1717485Z,29 packages are looking for funding,,0
	2025-12-28T06:51:17.1996886Z,  run `npm fund` for details,,0
	2025-12-28T06:51:18.2447094Z,,,0
	2025-12-28T06:51:18.2792935Z,1 critical severity vulnerability,,0
	2025-12-28T06:51:18.2958485Z,,,0
	2025-12-28T06:51:18.3142102Z,To address all issues&comma; run:,,0
	2025-12-28T06:51:18.3626508Z,  npm audit fix --force,,0
	2025-12-28T06:51:18.4082310Z,,,0
	2025-12-28T06:51:18.4587504Z,Run `npm audit` for details.,,0
	2025-12-28T06:51:18.5434706Z,,,0
	2025-12-28T06:51:18.6105001Z,Running 'npm run build'...,,0
	2025-12-28T06:51:18.7060077Z,,,0
	2025-12-28T06:51:19.6081633Z,,,0
	2025-12-28T06:51:19.6857086Z,> hanclass-frontend@1.0.0 build,,0
	2025-12-28T06:51:19.7790415Z,> next build,,0
	2025-12-28T06:51:19.8384925Z,,,0
	2025-12-28T06:51:23.3772001Z,Attention: Next.js now collects completely anonymous telemetry regarding usage.,,0
	2025-12-28T06:51:23.4434836Z,This information is used to shape Next.js' roadmap and prioritize features.,,0
	2025-12-28T06:51:23.5002099Z,You can learn more&comma; including how to opt-out if you'd not like to participate in this anonymous program&comma; by visiting the following URL:,,0
	2025-12-28T06:51:23.5395645Z,https://nextjs.org/telemetry,,0
	2025-12-28T06:51:23.6037135Z,,,0
	2025-12-28T06:51:23.8941502Z,  ▲ Next.js 14.2.0,,0
	2025-12-28T06:51:24.0478740Z,,,0
	2025-12-28T06:51:24.3509664Z,   Creating an optimized production build ...,,0
	2025-12-28T06:53:10.6580897Z, ✓ Compiled successfully,,0
	2025-12-28T06:53:10.8871837Z,   Linting and checking validity of types ...,,0
	2025-12-28T06:53:14.3215755Z,It looks like you're trying to use TypeScript but do not have the required package(s) installed.,,0
	2025-12-28T06:53:14.3874364Z,Installing dependencies,,0
	2025-12-28T06:53:14.4698518Z,,,0
	2025-12-28T06:53:14.5175126Z,If you are not trying to use TypeScript&comma; please remove the tsconfig.json file from your package root (and any TypeScript files in your pages directory).,,0
	2025-12-28T06:53:14.5937340Z,,,0
	2025-12-28T06:53:14.6603436Z,,,0
	2025-12-28T06:53:14.7289539Z,Installing devDependencies (npm):,,0
	2025-12-28T06:53:14.8522351Z,- typescript,,0
	2025-12-28T06:53:14.9874436Z,- @types/node,,0
	2025-12-28T06:53:15.0473267Z,,,0
	2025-12-28T06:54:27.5144503Z,npm warn deprecated inflight@1.0.6: This module is not supported&comma; and leaks memory. Do not use it. Check out lru-cache if you want a good and tested way to coalesce async requests by a key value&comma; which is much more comprehensive and powerful.,,1
	2025-12-28T06:54:30.0672622Z,npm warn deprecated @humanwhocodes/config-array@0.13.0: Use @eslint/config-array instead,,1
	2025-12-28T06:54:30.3393144Z,npm warn deprecated rimraf@3.0.2: Rimraf versions prior to v4 are no longer supported,,1
	2025-12-28T06:54:32.1637318Z,npm warn deprecated @humanwhocodes/object-schema@2.0.3: Use @eslint/object-schema instead,,1
	2025-12-28T06:54:33.2450968Z,npm warn deprecated glob@7.2.3: Glob versions prior to v9 are no longer supported,,1
	2025-12-28T06:55:32.2890757Z,npm warn deprecated eslint@8.57.1: This version is no longer supported. Please see https://eslint.org/version-support for other options.,,1
	2025-12-28T06:56:15.7582427Z,,,0
	2025-12-28T06:56:16.3639235Z,added 269 packages&comma; and audited 403 packages in 3m,,0
	2025-12-28T06:56:17.1746130Z,,,0
	2025-12-28T06:56:17.3425382Z,149 packages are looking for funding,,0
	2025-12-28T06:56:17.4827254Z,  run `npm fund` for details,,0
	2025-12-28T06:56:20.3323170Z,,,0
	2025-12-28T06:56:20.4573030Z,4 vulnerabilities (3 high&comma; 1 critical),,0
	2025-12-28T06:56:20.6048614Z,,,0
	2025-12-28T06:56:20.6822369Z,To address all issues (including breaking changes)&comma; run:,,0
	2025-12-28T06:56:20.8061100Z,  npm audit fix --force,,0
	2025-12-28T06:56:21.0016072Z,,,0
	2025-12-28T06:56:21.0428967Z,Run `npm audit` for details.,,0
	2025-12-28T06:56:22.9513415Z,,,0
	2025-12-28T06:57:54.7648109Z,Failed to compile.,,1
	2025-12-28T06:57:55.0920969Z,,,1
	2025-12-28T06:57:55.2657244Z,./lib/api.ts:15:5,,1
	2025-12-28T06:57:55.3543970Z,Type error: Element implicitly has an 'any' type because expression of type '"Authorization"' can't be used to index type 'HeadersInit'.,,1
	2025-12-28T06:57:55.5160945Z,  Property 'Authorization' does not exist on type 'HeadersInit'.,,1
	2025-12-28T06:57:55.6212315Z,,,1
	2025-12-28T06:57:55.7551821Z,[0m [90m 13 |[39m[0m,,1
	2025-12-28T06:57:56.1757200Z,[0m [90m 14 |[39m   [36mif[39m (token) {[0m,,1
	2025-12-28T06:57:56.2310244Z,[0m[31m[1m>[22m[39m[90m 15 |[39m     headers[[32m'Authorization'[39m] [33m=[39m [32m`Bearer ${token}`[39m[33m;[39m[0m,,1
	2025-12-28T06:57:56.2709673Z,[0m [90m    |[39m     [31m[1m^[22m[39m[0m,,1
	2025-12-28T06:57:56.3085809Z,[0m [90m 16 |[39m   }[0m,,1
	2025-12-28T06:57:56.3472185Z,[0m [90m 17 |[39m[0m,,1
	2025-12-28T06:57:56.3809483Z,[0m [90m 18 |[39m   [36mconst[39m response [33m=[39m [36mawait[39m fetch([32m`${API_URL}${endpoint}`[39m[33m&comma;[39m {[0m,,1
	2025-12-28T06:58:00.5858586Z,npm warn deprecated next@14.2.0: This version has a security vulnerability. Please upgrade to a patched version. See https://nextjs.org/blog/security-update-2025-12-11 for more details.\nnpm warn deprecated inflight@1.0.6: This module is not supported&comma; and leaks memory. Do not use it. Check out lru-cache if you want a good and tested way to coalesce async requests by a key value&comma; which is much more comprehensive and powerful.\nnpm warn deprecated @humanwhocodes/config-array@0.13.0: Use @eslint/config-array instead\nnpm warn deprecated rimraf@3.0.2: Rimraf versions prior to v4 are no longer supported\nnpm warn deprecated @humanwhocodes/object-schema@2.0.3: Use @eslint/object-schema instead\nnpm warn deprecated glob@7.2.3: Glob versions prior to v9 are no longer supported\nnpm warn deprecated eslint@8.57.1: This version is no longer supported. Please see https://eslint.org/version-support for other options.\nFailed to compile.\n\n./lib/api.ts:15:5\nType error: Element implicitly has an 'any' type because expression of type '"Authorization"' can't be used to index type 'HeadersInit'.\n  Property 'Authorization' does not exist on type 'HeadersInit'.\n\n[0m [90m 13 |[39m[0m\n[0m [90m 14 |[39m   [36mif[39m (token) {[0m\n[0m[31m[1m>[22m[39m[90m 15 |[39m     headers[[32m'Authorization'[39m] [33m=[39m [32m`Bearer ${token}`[39m[33m;[39m[0m\n[0m [90m    |[39m     [31m[1m^[22m[39m[0m\n[0m [90m 16 |[39m   }[0m\n[0m [90m 17 |[39m[0m\n[0m [90m 18 |[39m   [36mconst[39m response [33m=[39m [36mawait[39m fetch([32m`${API_URL}${endpoint}`[39m[33m&comma;[39m {[0m\n/bin/bash -c "oryx build /tmp/zipdeploy/extracted -o /home/site/wwwroot --platform nodejs --platform-version 20 -p virtualenv_name= --log-file /tmp/build-debug.log  -i /tmp/8de45dd0e9da52f -p compress_node_modules=tar-gz | tee /tmp/oryx-build.log ; exit $PIPESTATUS ",,2
2025-12-28T06:58:01.2063964Z,,03d7b203-9097-4828-97f1-08a350326e60,0
2025-12-28T06:58:01.5331826Z,Generating summary of Oryx build,17dad968-53fb-48c5-bed6-1bc72fb66b8a,0
2025-12-28T06:58:02.0562641Z,Parsing the build logs,508f5b0f-099b-4461-9f56-ab89e02ab0c2,0
2025-12-28T06:58:02.4803511Z,Found 0 issue(s),d4939b88-cfab-46b9-8fdf-9a6af59bd0cb,0
2025-12-28T06:58:02.8187089Z,,98042e3b-772c-41ad-8fb4-85721834f30c,0
2025-12-28T06:58:03.3561544Z,Build Summary :,f2a07714-c991-49b7-a739-76fcfeace892,0
2025-12-28T06:58:03.8405880Z,===============,c5586ecb-3967-4bc2-89b7-cea1a32b1ccf,0
2025-12-28T06:58:04.2338936Z,Errors (0),ecf5bb9d-9f36-4002-b203-4f36c471da37,0
2025-12-28T06:58:04.7008940Z,Warnings (0),ebc3ad6d-e735-405d-b757-45220559d271,0
2025-12-28T06:58:04.8893698Z,,80331eb5-ab41-4d20-9be1-aec0267d602e,0
2025-12-28T06:58:05.8977716Z,Deployment Failed. deployer = OneDeploy deploymentPath = OneDeploy,1a5e6986-db1d-46bf-8ac6-61e1ff78204f,0
